swatplus_perf HRU wavefront (cmd_order levels)
total objects: 76016
total HRUs:    57998
HRU waves:     1
level   n_hru
    1    57998
full-DAG object waves: 265
level   n_obj
    1    67616
    2     2055
    3     1228
    4      811
    5      597
    6      468
    7      373
    8      301
    9      243
   10      210
   11      182
   12      154
   13      134
   14      106
   15       97
   16       84
   17       74
   18       65
   19       59
   20       56
   21       53
   22       45
   23       41
   24       40
   25       37
   26       37
   27       35
   28       30
   29       29
   30       29
   31       29
   32       27
   33       24
   34       23
   35       23
   36       22
   37       19
   38       17
   39       16
   40       16
   41       14
   42       13
   43       12
   44       11
   45       11
   46       11
   47        8
   48        7
   49        7
   50        7
   51        7
   52        6
   53        6
   54        6
   55        4
   56        4
   57        4
   58        4
   59        4
   60        4
   61        4
   62        4
   63        4
   64        4
   65        4
   66        4
   67        4
   68        4
   69        4
   70        4
   71        4
   72        4
   73        4
   74        4
   75        4
   76        4
   77        4
   78        4
   79        4
   80        4
   81        4
   82        4
   83        4
   84        4
   85        3
   86        3
   87        3
   88        3
   89        3
   90        3
   91        3
   92        2
   93        2
   94        2
   95        2
   96        2
   97        2
   98        2
   99        2
  100        2
  101        2
  102        2
  103        2
  104        2
  105        2
  106        2
  107        2
  108        2
  109        2
  110        2
  111        2
  112        2
  113        2
  114        2
  115        2
  116        2
  117        2
  118        2
  119        2
  120        2
  121        2
  122        2
  123        2
  124        2
  125        2
  126        2
  127        2
  128        2
  129        2
  130        2
  131        2
  132        2
  133        2
  134        2
  135        2
  136        2
  137        2
  138        2
  139        2
  140        2
  141        2
  142        2
  143        2
  144        2
  145        2
  146        2
  147        2
  148        2
  149        2
  150        2
  151        2
  152        2
  153        2
  154        2
  155        2
  156        2
  157        2
  158        2
  159        2
  160        2
  161        2
  162        1
  163        1
  164        1
  165        1
  166        1
  167        1
  168        1
  169        1
  170        1
  171        1
  172        1
  173        1
  174        1
  175        1
  176        1
  177        1
  178        1
  179        1
  180        1
  181        1
  182        1
  183        1
  184        1
  185        1
  186        1
  187        1
  188        1
  189        1
  190        1
  191        1
  192        1
  193        1
  194        1
  195        1
  196        1
  197        1
  198        1
  199        1
  200        1
  201        1
  202        1
  203        1
  204        1
  205        1
  206        1
  207        1
  208        1
  209        1
  210        1
  211        1
  212        1
  213        1
  214        1
  215        1
  216        1
  217        1
  218        1
  219        1
  220        1
  221        1
  222        1
  223        1
  224        1
  225        1
  226        1
  227        1
  228        1
  229        1
  230        1
  231        1
  232        1
  233        1
  234        1
  235        1
  236        1
  237        1
  238        1
  239        1
  240        1
  241        1
  242        1
  243        1
  244        1
  245        1
  246        1
  247        1
  248        1
  249        1
  250        1
  251        1
  252        1
  253        1
  254        1
  255        1
  256        1
  257        1
  258        1
  259        1
  260        1
  261        1
  262        1
  263        1
  264        1
  265        1
